0 info it worked if it ends with ok
1 verbose cli [ 'C:\\Program Files\\nodejs\\node.exe',
1 verbose cli   'C:\\Users\\GLaDOS\\AppData\\Roaming\\npm\\node_modules\\npm\\bin\\npm-cli.js',
1 verbose cli   'start' ]
2 info using npm@4.1.1
3 info using node@v6.11.0
4 verbose run-script [ 'prestart', 'start', 'poststart' ]
5 info lifecycle reveal.js@3.6.0~prestart: reveal.js@3.6.0
6 silly lifecycle reveal.js@3.6.0~prestart: no script for prestart, continuing
7 info lifecycle reveal.js@3.6.0~start: reveal.js@3.6.0
8 verbose lifecycle reveal.js@3.6.0~start: unsafe-perm in lifecycle true
9 verbose lifecycle reveal.js@3.6.0~start: PATH: C:\Users\GLaDOS\AppData\Roaming\npm\node_modules\npm\bin\node-gyp-bin;E:\Documents\GitHub\Presentations\Rust\node_modules\.bin;C:\Users\GLaDOS\Downloads\cmder_mini\bin;C:\Users\GLaDOS\Downloads\cmder_mini\vendor\conemu-maximus5\ConEmu\Scripts;C:\Users\GLaDOS\Downloads\cmder_mini\vendor\conemu-maximus5;C:\Users\GLaDOS\Downloads\cmder_mini\vendor\conemu-maximus5\ConEmu;C:\Program Files\Docker\Docker\Resources\bin;C:\PROGRA~2\Intel\ICLSCL~1;C:\PROGRA~1\Intel\ICLSCL~1;C:\WINDOWS\System32;C:\WINDOWS;C:\WINDOWS\System32\wbem;C:\Windows\System32\WINDOW~1\v1.0;C:\PROGRA~1\Intel\INTEL(~1\DAL;C:\PROGRA~1\Intel\INTEL(~1\IPT;C:\PROGRA~2\Intel\INTEL(~1\DAL;C:\PROGRA~2\Intel\INTEL(~1\IPT;C:\PROGRA~2\WI3CF2~1\8.1\WINDOW~1;C:\PROGRA~1\MICROS~3\110\Tools\Binn;C:\PROGRA~2\MICROS~1\TYPESC~1\1.0;C:\PROGRA~1\MICROS~3\120\Tools\Binn;C:\WINDOWS\System32\WindowsPowerShell\v1.0\;C:\Program Files (x86)\NVIDIA Corporation\PhysX\Common;C:\Program Files\Git\cmd;C:\Program Files\nodejs\;C:\Program Files\MiKTeX 2.9\miktex\bin\x64\;C:\Program Files\Calibre2\;C:\Program Files (x86)\GtkSharp\2.12\bin;C:\Program Files (x86)\Skype\Phone\;C:\Program Files\CMake\bin;C:\ProgramData\chocolatey\bin;C:\Users\GLaDOS\Downloads\cmder_mini;;C:\WINDOWS\system32;C:\WINDOWS;C:\WINDOWS\System32\Wbem;C:\WINDOWS\System32\WindowsPowerShell\v1.0\;C:\Users\GLaDOS\.cargo\bin;C:\Users\GLaDOS\AppData\Local\Programs\Python\Python35-32\Scripts\;C:\Users\GLaDOS\AppData\Local\Programs\Python\Python35-32\;C:\Users\GLaDOS\AppData\Local\Programs\Python\Python36-32\Scripts\;C:\Users\GLaDOS\AppData\Local\Programs\Python\Python36-32\;C:\Users\GLaDOS\AppData\Local\atom\bin;C:\Program Files\Docker Toolbox;C:\Users\GLaDOS\AppData\Local\Microsoft\WindowsApps;C:\Users\GLaDOS\AppData\Roaming\npm;C:\Users\GLaDOS\AppData\Local\GitHubDesktop\bin;C:\Users\GLaDOS\AppData\Local\Microsoft\WindowsApps;C:\Program Files\PostgreSQL\10\bin;C:\Program Files\Heroku\bin;C:\Program Files\Git\usr\bin;C:\Program Files\Git\usr\share\vim\vim74;C:\Users\GLaDOS\Downloads\cmder_mini\
10 verbose lifecycle reveal.js@3.6.0~start: CWD: E:\Documents\GitHub\Presentations\Rust
11 silly lifecycle reveal.js@3.6.0~start: Args: [ '/d /s /c', 'grunt serve' ]
12 silly lifecycle reveal.js@3.6.0~start: Returned: code: 1  signal: null
13 info lifecycle reveal.js@3.6.0~start: Failed to exec start script
14 verbose stack Error: reveal.js@3.6.0 start: `grunt serve`
14 verbose stack Exit status 1
14 verbose stack     at EventEmitter.<anonymous> (C:\Users\GLaDOS\AppData\Roaming\npm\node_modules\npm\lib\utils\lifecycle.js:279:16)
14 verbose stack     at emitTwo (events.js:106:13)
14 verbose stack     at EventEmitter.emit (events.js:191:7)
14 verbose stack     at ChildProcess.<anonymous> (C:\Users\GLaDOS\AppData\Roaming\npm\node_modules\npm\lib\utils\spawn.js:40:14)
14 verbose stack     at emitTwo (events.js:106:13)
14 verbose stack     at ChildProcess.emit (events.js:191:7)
14 verbose stack     at maybeClose (internal/child_process.js:891:16)
14 verbose stack     at Process.ChildProcess._handle.onexit (internal/child_process.js:226:5)
15 verbose pkgid reveal.js@3.6.0
16 verbose cwd E:\Documents\GitHub\Presentations\Rust
17 error Windows_NT 10.0.16299
18 error argv "C:\\Program Files\\nodejs\\node.exe" "C:\\Users\\GLaDOS\\AppData\\Roaming\\npm\\node_modules\\npm\\bin\\npm-cli.js" "start"
19 error node v6.11.0
20 error npm  v4.1.1
21 error code ELIFECYCLE
22 error reveal.js@3.6.0 start: `grunt serve`
22 error Exit status 1
23 error Failed at the reveal.js@3.6.0 start script 'grunt serve'.
23 error Make sure you have the latest version of node.js and npm installed.
23 error If you do, this is most likely a problem with the reveal.js package,
23 error not with npm itself.
23 error Tell the author that this fails on your system:
23 error     grunt serve
23 error You can get information on how to open an issue for this project with:
23 error     npm bugs reveal.js
23 error Or if that isn't available, you can get their info via:
23 error     npm owner ls reveal.js
23 error There is likely additional logging output above.
24 verbose exit [ 1, true ]
